Arguments: 
  C:\Program Files\nodejs\node.exe C:\Users\taylorcaton\AppData\Roaming\npm\node_modules\yarn\bin\yarn.js start

PATH: 
  C:\Program Files\Git\mingw64\bin;C:\Program Files\Git\usr\bin;C:\Users\taylorcaton\bin;C:\Program Files (x86)\NVIDIA Corporation\PhysX\Common;C:\ProgramData\Oracle\Java\javapath;C:\Program Files (x86)\Intel\iCLS Client;C:\Program Files\Intel\iCLS Client;C:\Windows\system32;C:\Windows;C:\Windows\System32\Wbem;C:\Windows\System32\WindowsPowerShell\v1.0;C:\Program Files (x86)\Intel\Intel(R) Management Engine Components\DAL;C:\Program Files\Intel\Intel(R) Management Engine Components\DAL;C:\Program Files (x86)\Intel\Intel(R) Management Engine Components\IPT;C:\Program Files\Intel\Intel(R) Management Engine Components\IPT;C:\Program Files\PuTTY;C:\Program Files\Git\cmd;C:\Program Files\nodejs;C:\Program Files\MySQL\MySQL Server 5.7\bin;C:\Program Files (x86)\QuickTime\QTSystem;C:\Program Files\Intel\WiFi\bin;C:\Program Files\Common Files\Intel\WirelessCommon;C:\Program Files\MongoDB\Server\3.4\bin;C:\Users\taylorcaton\AppData\Local\Microsoft\WindowsApps;C:\Program Files\Heroku\bin;C:\Users\taylorcaton\AppData\Roaming\npm;C:\Program Files\Microsoft VS Code\bin

Yarn version: 
  1.2.0

Node version: 
  6.11.2

Platform: 
  win32 x64

npm manifest: 
  {
    "name": "SubFinder",
    "version": "1.0.0",
    "description": "Helps teachers find available substitutes who have an emergency or are too sick to call.",
    "main": "server.js",
    "dependencies": {
      "axios": "^0.17.0",
      "body-parser": "^1.18.2",
      "express": "^4.16.2",
      "mongoose": "^4.12.3",
      "react-router-dom": "^4.2.2"
    },
    "devDependencies": {
      "concurrently": "^3.5.0"
    },
    "scripts": {
      "test": "echo \"Error: no test specified\" && exit 1",
      "start": "concurrently \"nodemon server.js\" \"npm run client\"",
      "server": "node server.js",
      "client": "node scripts/start-client.js",
    },
    "repository": {
      "type": "git",
      "url": "git+https://github.com/taylorcaton/SubFinder.git"
    },
    "keywords": [],
    "author": "",
    "license": "ISC",
    "bugs": {
      "url": "https://github.com/taylorcaton/SubFinder/issues"
    },
    "homepage": "https://github.com/taylorcaton/SubFinder#readme"
  }

yarn manifest: 
  No manifest

Lockfile: 
  No lockfile

Trace: 
  SyntaxError: C:\Users\taylorcaton\Dropbox\Code Bootcamp\WORK\GroupProjects\SubFinder\package.json: Unexpected token } in JSON at position 625
      at Object.parse (native)
      at C:\Users\taylorcaton\AppData\Roaming\npm\node_modules\yarn\lib\cli.js:770:59
      at next (native)
      at step (C:\Users\taylorcaton\AppData\Roaming\npm\node_modules\yarn\lib\cli.js:92:30)
      at C:\Users\taylorcaton\AppData\Roaming\npm\node_modules\yarn\lib\cli.js:103:13
